# JRE version: Java(TM) SE Runtime Environment (8.0_66-b17) (build 1.8.0_66-b17)
# Java VM: Java HotSpot(TM) 64-Bit Server VM (25.66-b17 mixed mode bsd-amd64 compressed oops)
Heap:
 PSYoungGen      total 3072K, used 721K [0x00000007aab00000, 0x00000007aaf80000, 0x00000007c0000000)
  eden space 1536K, 4% used [0x00000007aab00000,0x00000007aab10588,0x00000007aac80000)
  from space 1536K, 42% used [0x00000007aae00000,0x00000007aaea4010,0x00000007aaf80000)
  to   space 1536K, 0% used [0x00000007aac80000,0x00000007aac80000,0x00000007aae00000)
 ParOldGen       total 5632K, used 1404K [0x0000000780000000, 0x0000000780580000, 0x00000007aab00000)
  object space 5632K, 24% used [0x0000000780000000,0x000000078015f050,0x0000000780580000)
 Metaspace       used 9559K, capacity 9762K, committed 9984K, reserved 1058816K
  class space    used 1134K, capacity 1223K, committed 1280K, reserved 1048576K
GC Heap History (10 events):
Event: 0.732 GC heap before
{Heap before GC invocations=2 (full 0):
 PSYoungGen      total 2048K, used 2032K [0x00000007aab00000, 0x00000007aaf00000, 0x00000007c0000000)
  eden space 1536K, 100% used [0x00000007aab00000,0x00000007aac80000,0x00000007aac80000)
  from space 512K, 96% used [0x00000007aac80000,0x00000007aacfc010,0x00000007aad00000)
  to   space 512K, 0% used [0x00000007aae80000,0x00000007aae80000,0x00000007aaf00000)
 ParOldGen       total 5632K, used 24K [0x0000000780000000, 0x0000000780580000, 0x00000007aab00000)
  object space 5632K, 0% used [0x0000000780000000,0x0000000780006000,0x0000000780580000)
 Metaspace       used 4230K, capacity 4694K, committed 4992K, reserved 1056768K
  class space    used 468K, capacity 527K, committed 640K, reserved 1048576K
Event: 0.733 GC heap after
Heap after GC invocations=2 (full 0):
 PSYoungGen      total 2048K, used 512K [0x00000007aab00000, 0x00000007aaf00000, 0x00000007c0000000)
  eden space 1536K, 0% used [0x00000007aab00000,0x00000007aab00000,0x00000007aac80000)
  from space 512K, 100% used [0x00000007aae80000,0x00000007aaf00000,0x00000007aaf00000)
  to   space 512K, 0% used [0x00000007aac80000,0x00000007aac80000,0x00000007aad00000)
 ParOldGen       total 5632K, used 96K [0x0000000780000000, 0x0000000780580000, 0x00000007aab00000)
  object space 5632K, 1% used [0x0000000780000000,0x0000000780018000,0x0000000780580000)
 Metaspace       used 4230K, capacity 4694K, committed 4992K, reserved 1056768K
  class space    used 468K, capacity 527K, committed 640K, reserved 1048576K
}
Event: 0.965 GC heap before
{Heap before GC invocations=3 (full 0):
 PSYoungGen      total 2048K, used 2048K [0x00000007aab00000, 0x00000007aaf00000, 0x00000007c0000000)
  eden space 1536K, 100% used [0x00000007aab00000,0x00000007aac80000,0x00000007aac80000)
  from space 512K, 100% used [0x00000007aae80000,0x00000007aaf00000,0x00000007aaf00000)
  to   space 512K, 0% used [0x00000007aac80000,0x00000007aac80000,0x00000007aad00000)
 ParOldGen       total 5632K, used 96K [0x0000000780000000, 0x0000000780580000, 0x00000007aab00000)
  object space 5632K, 1% used [0x0000000780000000,0x0000000780018000,0x0000000780580000)
 Metaspace       used 8032K, capacity 8186K, committed 8192K, reserved 1056768K
  class space    used 977K, capacity 1022K, committed 1024K, reserved 1048576K
Event: 0.967 GC heap after
Heap after GC invocations=3 (full 0):
 PSYoungGen      total 2048K, used 496K [0x00000007aab00000, 0x00000007aaf00000, 0x00000007c0000000)
  eden space 1536K, 0% used [0x00000007aab00000,0x00000007aab00000,0x00000007aac80000)
  from space 512K, 96% used [0x00000007aac80000,0x00000007aacfc010,0x00000007aad00000)
  to   space 512K, 0% used [0x00000007aae80000,0x00000007aae80000,0x00000007aaf00000)
 ParOldGen       total 5632K, used 732K [0x0000000780000000, 0x0000000780580000, 0x00000007aab00000)
  object space 5632K, 12% used [0x0000000780000000,0x00000007800b7050,0x0000000780580000)
 Metaspace       used 8032K, capacity 8186K, committed 8192K, reserved 1056768K
  class space    used 977K, capacity 1022K, committed 1024K, reserved 1048576K
}
Event: 4.506 GC heap before
{Heap before GC invocations=4 (full 0):
 PSYoungGen      total 2048K, used 2032K [0x00000007aab00000, 0x00000007aaf00000, 0x00000007c0000000)
  eden space 1536K, 100% used [0x00000007aab00000,0x00000007aac80000,0x00000007aac80000)
  from space 512K, 96% used [0x00000007aac80000,0x00000007aacfc010,0x00000007aad00000)
  to   space 512K, 0% used [0x00000007aae80000,0x00000007aae80000,0x00000007aaf00000)
 ParOldGen       total 5632K, used 732K [0x0000000780000000, 0x0000000780580000, 0x00000007aab00000)
  object space 5632K, 12% used [0x0000000780000000,0x00000007800b7050,0x0000000780580000)
 Metaspace       used 9055K, capacity 9192K, committed 9472K, reserved 1056768K
  class space    used 1111K, capacity 1186K, committed 1280K, reserved 1048576K
Event: 4.508 GC heap after
Heap after GC invocations=4 (full 0):
 PSYoungGen      total 2048K, used 496K [0x00000007aab00000, 0x00000007aaf00000, 0x00000007c0000000)
  eden space 1536K, 0% used [0x00000007aab00000,0x00000007aab00000,0x00000007aac80000)
  from space 512K, 96% used [0x00000007aae80000,0x00000007aaefc010,0x00000007aaf00000)
  to   space 512K, 0% used [0x00000007aac80000,0x00000007aac80000,0x00000007aad00000)
 ParOldGen       total 5632K, used 1364K [0x0000000780000000, 0x0000000780580000, 0x00000007aab00000)
  object space 5632K, 24% used [0x0000000780000000,0x0000000780155050,0x0000000780580000)
 Metaspace       used 9055K, capacity 9192K, committed 9472K, reserved 1056768K
  class space    used 1111K, capacity 1186K, committed 1280K, reserved 1048576K
}
Event: 10.418 GC heap before
{Heap before GC invocations=5 (full 0):
 PSYoungGen      total 2048K, used 2032K [0x00000007aab00000, 0x00000007aaf00000, 0x00000007c0000000)
  eden space 1536K, 100% used [0x00000007aab00000,0x00000007aac80000,0x00000007aac80000)
  from space 512K, 96% used [0x00000007aae80000,0x00000007aaefc010,0x00000007aaf00000)
  to   space 512K, 0% used [0x00000007aac80000,0x00000007aac80000,0x00000007aad00000)
 ParOldGen       total 5632K, used 1364K [0x0000000780000000, 0x0000000780580000, 0x00000007aab00000)
  object space 5632K, 24% used [0x0000000780000000,0x0000000780155050,0x0000000780580000)
 Metaspace       used 9392K, capacity 9538K, committed 9728K, reserved 1058816K
  class space    used 1117K, capacity 1191K, committed 1280K, reserved 1048576K
Event: 10.420 GC heap after
Heap after GC invocations=5 (full 0):
 PSYoungGen      total 2048K, used 496K [0x00000007aab00000, 0x00000007aaf80000, 0x00000007c0000000)
  eden space 1536K, 0% used [0x00000007aab00000,0x00000007aab00000,0x00000007aac80000)
  from space 512K, 96% used [0x00000007aac80000,0x00000007aacfc010,0x00000007aad00000)
  to   space 1536K, 0% used [0x00000007aae00000,0x00000007aae00000,0x00000007aaf80000)
 ParOldGen       total 5632K, used 1404K [0x0000000780000000, 0x0000000780580000, 0x00000007aab00000)
  object space 5632K, 24% used [0x0000000780000000,0x000000078015f050,0x0000000780580000)
 Metaspace       used 9392K, capacity 9538K, committed 9728K, reserved 1058816K
  class space    used 1117K, capacity 1191K, committed 1280K, reserved 1048576K
}
Event: 23154.119 GC heap before
{Heap before GC invocations=6 (full 0):
 PSYoungGen      total 2048K, used 2032K [0x00000007aab00000, 0x00000007aaf80000, 0x00000007c0000000)
  eden space 1536K, 100% used [0x00000007aab00000,0x00000007aac80000,0x00000007aac80000)
  from space 512K, 96% used [0x00000007aac80000,0x00000007aacfc010,0x00000007aad00000)
  to   space 1536K, 0% used [0x00000007aae00000,0x00000007aae00000,0x00000007aaf80000)
 ParOldGen       total 5632K, used 1404K [0x0000000780000000, 0x0000000780580000, 0x00000007aab00000)
  object space 5632K, 24% used [0x0000000780000000,0x000000078015f050,0x0000000780580000)
 Metaspace       used 9553K, capacity 9762K, committed 9984K, reserved 1058816K
  class space    used 1134K, capacity 1223K, committed 1280K, reserved 1048576K
Event: 23154.131 GC heap after
Heap after GC invocations=6 (full 0):
 PSYoungGen      total 3072K, used 656K [0x00000007aab00000, 0x00000007aaf80000, 0x00000007c0000000)
  eden space 1536K, 0% used [0x00000007aab00000,0x00000007aab00000,0x00000007aac80000)
  from space 1536K, 42% used [0x00000007aae00000,0x00000007aaea4010,0x00000007aaf80000)
  to   space 1536K, 0% used [0x00000007aac80000,0x00000007aac80000,0x00000007aae00000)
 ParOldGen       total 5632K, used 1404K [0x0000000780000000, 0x0000000780580000, 0x00000007aab00000)
  object space 5632K, 24% used [0x0000000780000000,0x000000078015f050,0x0000000780580000)
 Metaspace       used 9553K, capacity 9762K, committed 9984K, reserved 1058816K
  class space    used 1134K, capacity 1223K, committed 1280K, reserved 1048576K
}

